<?xml version="1.0" encoding="UTF-8"?>
<!-- Generated by org.testng.reporters.JUnitXMLReporter -->
<testsuite hostname="DESKTOP-K293V6E" ignored="0" name="Test" tests="17" failures="0" timestamp="2021-03-22T21:07:03 IST" time="107.175" errors="0">
  <testcase name="homeemi" time="0.249" classname="com.HomeEMICalculator.HomeEMI"/>
  <testcase name="dataexport" time="10.266" classname="com.HomeEMICalculator.HomeEMI"/>
  <testcase name="carEMIForm" time="1.021" classname="com.CarEMICalculator.CarEMI"/>
  <testcase name="getdata" time="0.393" classname="com.CarEMICalculator.CarEMI"/>
  <testcase name="loancalcnavigate" time="0.432" classname="com.UICheck.UICheck"/>
  <testcase name="feechargesslider" time="6.197" classname="com.UICheck.UICheck"/>
  <testcase name="feechargestextbox" time="0.077" classname="com.UICheck.UICheck"/>
  <testcase name="interestrateslider" time="0.028" classname="com.UICheck.UICheck"/>
  <testcase name="interestrateslidercheck" time="0.569" classname="com.UICheck.UICheck"/>
  <testcase name="interestratetextbox" time="0.034" classname="com.UICheck.UICheck"/>
  <testcase name="loanamtslider" time="0.035" classname="com.UICheck.UICheck"/>
  <testcase name="loanamtslidercheck" time="0.48" classname="com.UICheck.UICheck"/>
  <testcase name="loanamttextbox" time="0.107" classname="com.UICheck.UICheck"/>
  <testcase name="loanfeeslidercheck" time="0.464" classname="com.UICheck.UICheck"/>
  <testcase name="loantermslider" time="0.11" classname="com.UICheck.UICheck"/>
  <testcase name="loantermslidercheck" time="0.432" classname="com.UICheck.UICheck"/>
  <testcase name="loantermtextbox" time="0.214" classname="com.UICheck.UICheck"/>
</testsuite> <!-- Test -->
